<?xml version="1.0" encoding="UTF-8"?>
<!-- Generated by org.testng.reporters.JUnitXMLReporter -->
<testsuite ignored="0" hostname="DESKTOP-UA7G0ND" failures="0" tests="2" name="Default test" time="31.563" errors="0" timestamp="2024-09-27T18:34:19 IST">
  <testcase classname="MyEcommerce.Ecommerce.tests.ErrorValidationTest" name="loginErrorValidation" time="3.854"/>
  <testcase classname="MyEcommerce.Ecommerce.tests.ErrorValidationTest" name="productErrorValidation" time="12.554"/>
</testsuite> <!-- Default test -->
