<?xml version="1.0" encoding="UTF-8"?>
<!-- Generated by org.testng.reporters.JUnitXMLReporter -->
<testsuite ignored="1" hostname="DESKTOP-UA7G0ND" failures="0" tests="2" name="ErrorValidationTest" time="8.753" errors="0" timestamp="2024-09-27T18:45:59 IST">
  <testcase classname="MyEcommerce.Ecommerce.tests.ErrorValidationTest" name="loginErrorValidation" time="0.518">
    <skipped/>
  </testcase> <!-- loginErrorValidation -->
  <testcase classname="MyEcommerce.Ecommerce.tests.ErrorValidationTest" name="loginErrorValidation" time="0.763"/>
  <testcase classname="MyEcommerce.Ecommerce.tests.ErrorValidationTest" name="productErrorValidation" time="0.0">
    <ignored/>
  </testcase> <!-- productErrorValidation -->
</testsuite> <!-- ErrorValidationTest -->
