<?xml version="1.0" encoding="UTF-8"?>
<testng-results ignored="0" total="4" passed="4" failed="0" skipped="0">
  <reporter-output>
  </reporter-output>
  <suite started-at="2024-09-27T17:54:19 IST" name="Suite" finished-at="2024-09-27T17:55:10 IST" duration-ms="51373">
    <groups>
      <group name="Error Handling">
        <method signature="ErrorValidationTest.loginErrorValidation()[pri:0, instance:MyEcommerce.Ecommerce.tests.ErrorValidationTest@5bf0d49]" name="loginErrorValidation" class="MyEcommerce.Ecommerce.tests.ErrorValidationTest"/>
      </group> <!-- Error Handling -->
    </groups>
    <test started-at="2024-09-27T17:54:19 IST" name="ErrorValidationTest" finished-at="2024-09-27T17:54:55 IST" duration-ms="36144">
      <class name="MyEcommerce.Ecommerce.tests.ErrorValidationTest">
        <test-method is-config="true" signature="startApplication()[pri:0, instance:MyEcommerce.Ecommerce.tests.ErrorValidationTest@5bf0d49]" started-at="2024-09-27T17:54:19 IST" name="startApplication" finished-at="2024-09-27T17:54:24 IST" duration-ms="5153" status="PASS">
          <reporter-output>
          </reporter-output>
        </test-method> <!-- startApplication -->
        <test-method signature="loginErrorValidation()[pri:0, instance:MyEcommerce.Ecommerce.tests.ErrorValidationTest@5bf0d49]" started-at="2024-09-27T17:54:24 IST" name="loginErrorValidation" finished-at="2024-09-27T17:54:30 IST" duration-ms="5447" status="PASS">
          <reporter-output>
          </reporter-output>
        </test-method> <!-- loginErrorValidation -->
        <test-method is-config="true" signature="closeDriver()[pri:0, instance:MyEcommerce.Ecommerce.tests.ErrorValidationTest@5bf0d49]" started-at="2024-09-27T17:54:30 IST" name="closeDriver" finished-at="2024-09-27T17:54:30 IST" duration-ms="396" status="PASS">
          <reporter-output>
          </reporter-output>
        </test-method> <!-- closeDriver -->
        <test-method is-config="true" signature="startApplication()[pri:0, instance:MyEcommerce.Ecommerce.tests.ErrorValidationTest@5bf0d49]" started-at="2024-09-27T17:54:30 IST" name="startApplication" finished-at="2024-09-27T17:54:35 IST" duration-ms="4441" status="PASS">
          <reporter-output>
          </reporter-output>
        </test-method> <!-- startApplication -->
        <test-method signature="productErrorValidation()[pri:0, instance:MyEcommerce.Ecommerce.tests.ErrorValidationTest@5bf0d49]" started-at="2024-09-27T17:54:35 IST" name="productErrorValidation" finished-at="2024-09-27T17:54:54 IST" duration-ms="19680" status="PASS">
          <reporter-output>
          </reporter-output>
        </test-method> <!-- productErrorValidation -->
        <test-method is-config="true" signature="closeDriver()[pri:0, instance:MyEcommerce.Ecommerce.tests.ErrorValidationTest@5bf0d49]" started-at="2024-09-27T17:54:54 IST" name="closeDriver" finished-at="2024-09-27T17:54:55 IST" duration-ms="938" status="PASS">
          <reporter-output>
          </reporter-output>
        </test-method> <!-- closeDriver -->
      </class> <!-- MyEcommerce.Ecommerce.tests.ErrorValidationTest -->
    </test> <!-- ErrorValidationTest -->
    <test started-at="2024-09-27T17:54:19 IST" name="SubmitCartTest" finished-at="2024-09-27T17:55:10 IST" duration-ms="51373">
      <class name="MyEcommerce.Ecommerce.tests.EcommSubmitTest">
        <test-method is-config="true" signature="startApplication()[pri:0, instance:MyEcommerce.Ecommerce.tests.EcommSubmitTest@7e07db1f]" started-at="2024-09-27T17:54:20 IST" name="startApplication" finished-at="2024-09-27T17:54:26 IST" duration-ms="6917" status="PASS">
          <reporter-output>
          </reporter-output>
        </test-method> <!-- startApplication -->
        <test-method signature="ecommSubmit(java.util.HashMap)[pri:0, instance:MyEcommerce.Ecommerce.tests.EcommSubmitTest@7e07db1f]" started-at="2024-09-27T17:54:26 IST" name="ecommSubmit" data-provider="getData" finished-at="2024-09-27T17:54:48 IST" duration-ms="21479" status="PASS">
          <params>
            <param index="0">
              <value>
                <![CDATA[{password=harry@Code5, email=harrysindhia@gmail.com, targetProducts=[ZARA COAT 3, ADIDAS ORIGINAL, IPHONE 13 PRO]}]]>
              </value>
            </param>
          </params>
          <reporter-output>
          </reporter-output>
        </test-method> <!-- ecommSubmit -->
        <test-method is-config="true" signature="closeDriver()[pri:0, instance:MyEcommerce.Ecommerce.tests.EcommSubmitTest@7e07db1f]" started-at="2024-09-27T17:54:48 IST" name="closeDriver" finished-at="2024-09-27T17:54:49 IST" duration-ms="856" status="PASS">
          <reporter-output>
          </reporter-output>
        </test-method> <!-- closeDriver -->
        <test-method is-config="true" signature="startApplication()[pri:0, instance:MyEcommerce.Ecommerce.tests.EcommSubmitTest@7e07db1f]" started-at="2024-09-27T17:54:49 IST" name="startApplication" finished-at="2024-09-27T17:54:52 IST" duration-ms="3453" status="PASS">
          <reporter-output>
          </reporter-output>
        </test-method> <!-- startApplication -->
        <test-method signature="ecommSubmit(java.util.HashMap)[pri:0, instance:MyEcommerce.Ecommerce.tests.EcommSubmitTest@7e07db1f]" started-at="2024-09-27T17:54:52 IST" name="ecommSubmit" data-provider="getData" finished-at="2024-09-27T17:55:10 IST" duration-ms="17517" status="PASS">
          <params>
            <param index="0">
              <value>
                <![CDATA[{password=harryCode@5, email=harrycoder@gmail.com, targetProducts=[ZARA COAT 3, ADIDAS ORIGINAL, IPHONE 13 PRO]}]]>
              </value>
            </param>
          </params>
          <reporter-output>
          </reporter-output>
        </test-method> <!-- ecommSubmit -->
        <test-method is-config="true" signature="closeDriver()[pri:0, instance:MyEcommerce.Ecommerce.tests.EcommSubmitTest@7e07db1f]" started-at="2024-09-27T17:55:10 IST" name="closeDriver" finished-at="2024-09-27T17:55:10 IST" duration-ms="690" status="PASS">
          <reporter-output>
          </reporter-output>
        </test-method> <!-- closeDriver -->
      </class> <!-- MyEcommerce.Ecommerce.tests.EcommSubmitTest -->
    </test> <!-- SubmitCartTest -->
  </suite> <!-- Suite -->
</testng-results>
