<?xml version="1.0" encoding="UTF-8"?>
<testng-results ignored="0" total="4" passed="3" failed="1" skipped="0">
  <reporter-output>
  </reporter-output>
  <suite started-at="2024-09-26T21:30:38 IST" name="Suite" finished-at="2024-09-26T21:31:26 IST" duration-ms="48022">
    <groups>
      <group name="Error Handling">
        <method signature="ErrorValidationTest.loginErrorValidation()[pri:0, instance:MyEcommerce.Ecommerce.tests.ErrorValidationTest@5bf0d49]" name="loginErrorValidation" class="MyEcommerce.Ecommerce.tests.ErrorValidationTest"/>
      </group> <!-- Error Handling -->
    </groups>
    <test started-at="2024-09-26T21:30:38 IST" name="ErrorValidationTest" finished-at="2024-09-26T21:31:19 IST" duration-ms="40387">
      <class name="MyEcommerce.Ecommerce.tests.ErrorValidationTest">
        <test-method is-config="true" signature="startApplication()[pri:0, instance:MyEcommerce.Ecommerce.tests.ErrorValidationTest@5bf0d49]" started-at="2024-09-26T21:30:38 IST" name="startApplication" finished-at="2024-09-26T21:30:54 IST" duration-ms="15521" status="PASS">
          <reporter-output>
          </reporter-output>
        </test-method> <!-- startApplication -->
        <test-method signature="loginErrorValidation()[pri:0, instance:MyEcommerce.Ecommerce.tests.ErrorValidationTest@5bf0d49]" started-at="2024-09-26T21:30:54 IST" name="loginErrorValidation" finished-at="2024-09-26T21:31:00 IST" duration-ms="6403" status="PASS">
          <reporter-output>
          </reporter-output>
        </test-method> <!-- loginErrorValidation -->
        <test-method is-config="true" signature="closeDriver()[pri:0, instance:MyEcommerce.Ecommerce.tests.ErrorValidationTest@5bf0d49]" started-at="2024-09-26T21:31:00 IST" name="closeDriver" finished-at="2024-09-26T21:31:03 IST" duration-ms="2961" status="PASS">
          <reporter-output>
          </reporter-output>
        </test-method> <!-- closeDriver -->
        <test-method is-config="true" signature="startApplication()[pri:0, instance:MyEcommerce.Ecommerce.tests.ErrorValidationTest@5bf0d49]" started-at="2024-09-26T21:31:03 IST" name="startApplication" finished-at="2024-09-26T21:31:09 IST" duration-ms="5263" status="PASS">
          <reporter-output>
          </reporter-output>
        </test-method> <!-- startApplication -->
        <test-method signature="productErrorValidation()[pri:0, instance:MyEcommerce.Ecommerce.tests.ErrorValidationTest@5bf0d49]" started-at="2024-09-26T21:31:09 IST" name="productErrorValidation" finished-at="2024-09-26T21:31:17 IST" duration-ms="8621" status="PASS">
          <reporter-output>
          </reporter-output>
        </test-method> <!-- productErrorValidation -->
        <test-method is-config="true" signature="closeDriver()[pri:0, instance:MyEcommerce.Ecommerce.tests.ErrorValidationTest@5bf0d49]" started-at="2024-09-26T21:31:17 IST" name="closeDriver" finished-at="2024-09-26T21:31:19 IST" duration-ms="1520" status="PASS">
          <reporter-output>
          </reporter-output>
        </test-method> <!-- closeDriver -->
      </class> <!-- MyEcommerce.Ecommerce.tests.ErrorValidationTest -->
    </test> <!-- ErrorValidationTest -->
    <test started-at="2024-09-26T21:30:38 IST" name="SubmitCartTest" finished-at="2024-09-26T21:31:26 IST" duration-ms="48022">
      <class name="MyEcommerce.Ecommerce.tests.EcommSubmitTest">
        <test-method is-config="true" signature="startApplication()[pri:0, instance:MyEcommerce.Ecommerce.tests.EcommSubmitTest@7e07db1f]" started-at="2024-09-26T21:30:39 IST" name="startApplication" finished-at="2024-09-26T21:30:54 IST" duration-ms="14680" status="PASS">
          <reporter-output>
          </reporter-output>
        </test-method> <!-- startApplication -->
        <test-method signature="ecommSubmit(java.util.HashMap)[pri:0, instance:MyEcommerce.Ecommerce.tests.EcommSubmitTest@7e07db1f]" started-at="2024-09-26T21:30:54 IST" name="ecommSubmit" data-provider="getData" finished-at="2024-09-26T21:31:19 IST" duration-ms="24909" status="PASS">
          <params>
            <param index="0">
              <value>
                <![CDATA[{password=harry@Code5, email=harrysindhia@gmail.com, targetProducts=[ZARA COAT 3, ADIDAS ORIGINAL, IPHONE 13 PRO]}]]>
              </value>
            </param>
          </params>
          <reporter-output>
          </reporter-output>
        </test-method> <!-- ecommSubmit -->
        <test-method is-config="true" signature="closeDriver()[pri:0, instance:MyEcommerce.Ecommerce.tests.EcommSubmitTest@7e07db1f]" started-at="2024-09-26T21:31:19 IST" name="closeDriver" finished-at="2024-09-26T21:31:21 IST" duration-ms="2151" status="PASS">
          <reporter-output>
          </reporter-output>
        </test-method> <!-- closeDriver -->
        <test-method is-config="true" signature="startApplication()[pri:0, instance:MyEcommerce.Ecommerce.tests.EcommSubmitTest@7e07db1f]" started-at="2024-09-26T21:31:21 IST" name="startApplication" finished-at="2024-09-26T21:31:23 IST" duration-ms="2611" status="PASS">
          <reporter-output>
          </reporter-output>
        </test-method> <!-- startApplication -->
        <test-method signature="ecommSubmit(java.util.HashMap)[pri:0, instance:MyEcommerce.Ecommerce.tests.EcommSubmitTest@7e07db1f]" started-at="2024-09-26T21:31:23 IST" name="ecommSubmit" data-provider="getData" finished-at="2024-09-26T21:31:25 IST" duration-ms="1974" status="FAIL">
          <params>
            <param index="0">
              <value>
                <![CDATA[{password=harryCode@5, email=harrycoder@gmail.com, targetProducts=[ZARA COAT 3, ADIDAS ORIGINAL, IPHONE 13 PRO]}]]>
              </value>
            </param>
          </params>
          <exception class="org.openqa.selenium.ElementClickInterceptedException">
            <message>
              <![CDATA[element click intercepted: Element <button _ngcontent-bqe-c34="" class="btn w-10 rounded" style="float: right;">...</button> is not clickable at point (1791, 443). Other element would receive the click: <div _ngcontent-bqe-c31="" class="ngx-spinner-overlay ng-tns-c31-1 ng-trigger ng-trigger-fadeIn ng-star-inserted ng-animating" style="background-color: rgba(51, 51, 51, 0.8); z-index: 99999; position: fixed;">...</div>
  (Session info: chrome=129.0.6668.70)
Build info: version: '4.24.0', revision: '748ffc9bc3'
System info: os.name: 'Windows 11', os.arch: 'amd64', os.version: '10.0', java.version: '21.0.1'
Driver info: org.openqa.selenium.chrome.ChromeDriver
Command: [cab01f3b8cab2243305bfc9de0c22e5b, clickElement {id=f.A4ECBC1B3CBC2BA9F05DB748FABFD1AE.d.737A010974DF19DE592A04EFDD324D3B.e.76}]
Capabilities {acceptInsecureCerts: false, browserName: chrome, browserVersion: 129.0.6668.70, chrome: {chromedriverVersion: 129.0.6668.70 (df87d5cf12b1..., userDataDir: C:\Users\Dell\AppData\Local...}, fedcm:accounts: true, goog:chromeOptions: {debuggerAddress: localhost:64874}, networkConnectionEnabled: false, pageLoadStrategy: normal, platformName: windows, proxy: Proxy(), se:cdp: ws://localhost:64874/devtoo..., se:cdpVersion: 129.0.6668.70, setWindowRect: true, strictFileInteractability: false, timeouts: {implicit: 0, pageLoad: 300000, script: 30000}, unhandledPromptBehavior: dismiss and notify, webauthn:extension:credBlob: true, webauthn:extension:largeBlob: true, webauthn:extension:minPinLength: true, webauthn:extension:prf: true, webauthn:virtualAuthenticators: true}
Element: [[[[ChromeDriver: chrome on windows (cab01f3b8cab2243305bfc9de0c22e5b)] -> css selector: .card-body]] -> css selector: button:last-of-type]
Session ID: cab01f3b8cab2243305bfc9de0c22e5b]]>
            </message>
            <full-stacktrace>
              <![CDATA[org.openqa.selenium.ElementClickInterceptedException: element click intercepted: Element <button _ngcontent-bqe-c34="" class="btn w-10 rounded" style="float: right;">...</button> is not clickable at point (1791, 443). Other element would receive the click: <div _ngcontent-bqe-c31="" class="ngx-spinner-overlay ng-tns-c31-1 ng-trigger ng-trigger-fadeIn ng-star-inserted ng-animating" style="background-color: rgba(51, 51, 51, 0.8); z-index: 99999; position: fixed;">...</div>
  (Session info: chrome=129.0.6668.70)
Build info: version: '4.24.0', revision: '748ffc9bc3'
System info: os.name: 'Windows 11', os.arch: 'amd64', os.version: '10.0', java.version: '21.0.1'
Driver info: org.openqa.selenium.chrome.ChromeDriver
Command: [cab01f3b8cab2243305bfc9de0c22e5b, clickElement {id=f.A4ECBC1B3CBC2BA9F05DB748FABFD1AE.d.737A010974DF19DE592A04EFDD324D3B.e.76}]
Capabilities {acceptInsecureCerts: false, browserName: chrome, browserVersion: 129.0.6668.70, chrome: {chromedriverVersion: 129.0.6668.70 (df87d5cf12b1..., userDataDir: C:\Users\Dell\AppData\Local...}, fedcm:accounts: true, goog:chromeOptions: {debuggerAddress: localhost:64874}, networkConnectionEnabled: false, pageLoadStrategy: normal, platformName: windows, proxy: Proxy(), se:cdp: ws://localhost:64874/devtoo..., se:cdpVersion: 129.0.6668.70, setWindowRect: true, strictFileInteractability: false, timeouts: {implicit: 0, pageLoad: 300000, script: 30000}, unhandledPromptBehavior: dismiss and notify, webauthn:extension:credBlob: true, webauthn:extension:largeBlob: true, webauthn:extension:minPinLength: true, webauthn:extension:prf: true, webauthn:virtualAuthenticators: true}
Element: [[[[ChromeDriver: chrome on windows (cab01f3b8cab2243305bfc9de0c22e5b)] -> css selector: .card-body]] -> css selector: button:last-of-type]
Session ID: cab01f3b8cab2243305bfc9de0c22e5b
at java.base/jdk.internal.reflect.DirectConstructorHandleAccessor.newInstance(DirectConstructorHandleAccessor.java:62)
at java.base/java.lang.reflect.Constructor.newInstanceWithCaller(Constructor.java:502)
at java.base/java.lang.reflect.Constructor.newInstance(Constructor.java:486)
at org.openqa.selenium.remote.ErrorCodec.decode(ErrorCodec.java:167)
at org.openqa.selenium.remote.codec.w3c.W3CHttpResponseCodec.decode(W3CHttpResponseCodec.java:138)
at org.openqa.selenium.remote.codec.w3c.W3CHttpResponseCodec.decode(W3CHttpResponseCodec.java:50)
at org.openqa.selenium.remote.HttpCommandExecutor.execute(HttpCommandExecutor.java:190)
at org.openqa.selenium.remote.service.DriverCommandExecutor.invokeExecute(DriverCommandExecutor.java:216)
at org.openqa.selenium.remote.service.DriverCommandExecutor.execute(DriverCommandExecutor.java:174)
at org.openqa.selenium.remote.RemoteWebDriver.execute(RemoteWebDriver.java:545)
at org.openqa.selenium.remote.RemoteWebElement.execute(RemoteWebElement.java:223)
at org.openqa.selenium.remote.RemoteWebElement.click(RemoteWebElement.java:76)
at MyEcommerce.Ecommerce.pageobjects.ProductCataloguePage.matchProductandAddToCart(ProductCataloguePage.java:47)
at MyEcommerce.Ecommerce.tests.EcommSubmitTest.ecommSubmit(EcommSubmitTest.java:33)
at java.base/jdk.internal.reflect.DirectMethodHandleAccessor.invoke(DirectMethodHandleAccessor.java:103)
at java.base/java.lang.reflect.Method.invoke(Method.java:580)
at org.testng.internal.invokers.MethodInvocationHelper.invokeMethod(MethodInvocationHelper.java:141)
at org.testng.internal.invokers.TestInvoker.invokeMethod(TestInvoker.java:686)
at org.testng.internal.invokers.TestInvoker.invokeTestMethod(TestInvoker.java:230)
at org.testng.internal.invokers.MethodRunner.runInSequence(MethodRunner.java:63)
at org.testng.internal.invokers.TestInvoker$MethodInvocationAgent.invoke(TestInvoker.java:992)
at org.testng.internal.invokers.TestInvoker.invokeTestMethods(TestInvoker.java:203)
at org.testng.internal.invokers.TestMethodWorker.invokeTestMethods(TestMethodWorker.java:154)
at org.testng.internal.invokers.TestMethodWorker.run(TestMethodWorker.java:134)
at java.base/java.util.ArrayList.forEach(ArrayList.java:1596)
at org.testng.TestRunner.privateRun(TestRunner.java:739)
at org.testng.TestRunner.run(TestRunner.java:614)
at org.testng.SuiteRunner.runTest(SuiteRunner.java:421)
at org.testng.SuiteRunner$SuiteWorker.run(SuiteRunner.java:463)
at org.testng.internal.thread.ThreadUtil.lambda$execute$0(ThreadUtil.java:64)
at java.base/java.util.concurrent.FutureTask.run(FutureTask.java:317)
at java.base/java.util.concurrent.ThreadPoolExecutor.runWorker(ThreadPoolExecutor.java:1144)
at java.base/java.util.concurrent.ThreadPoolExecutor$Worker.run(ThreadPoolExecutor.java:642)
at java.base/java.lang.Thread.run(Thread.java:1583)
]]>
            </full-stacktrace>
          </exception> <!-- org.openqa.selenium.ElementClickInterceptedException -->
          <reporter-output>
          </reporter-output>
        </test-method> <!-- ecommSubmit -->
        <test-method is-config="true" signature="closeDriver()[pri:0, instance:MyEcommerce.Ecommerce.tests.EcommSubmitTest@7e07db1f]" started-at="2024-09-26T21:31:25 IST" name="closeDriver" finished-at="2024-09-26T21:31:26 IST" duration-ms="1066" status="PASS">
          <reporter-output>
          </reporter-output>
        </test-method> <!-- closeDriver -->
      </class> <!-- MyEcommerce.Ecommerce.tests.EcommSubmitTest -->
    </test> <!-- SubmitCartTest -->
  </suite> <!-- Suite -->
</testng-results>
