<?xml version="1.0" encoding="UTF-8"?>
<testng-results ignored="2" total="3" passed="1" failed="0" skipped="0">
  <reporter-output>
  </reporter-output>
  <suite started-at="2024-09-26T18:24:33 IST" name="Suite" finished-at="2024-09-26T18:24:39 IST" duration-ms="5727">
    <groups>
      <group name="Error Handling">
        <method signature="ErrorValidationTest.loginErrorValidation()[pri:0, instance:MyEcommerce.Ecommerce.tests.ErrorValidationTest@515c6049]" name="loginErrorValidation" class="MyEcommerce.Ecommerce.tests.ErrorValidationTest"/>
      </group> <!-- Error Handling -->
    </groups>
    <test started-at="2024-09-26T18:24:33 IST" name="SubmitCartTest" finished-at="2024-09-26T18:24:33 IST" duration-ms="24">
    </test> <!-- SubmitCartTest -->
    <test started-at="2024-09-26T18:24:33 IST" name="ErrorValidationTest" finished-at="2024-09-26T18:24:39 IST" duration-ms="5727">
      <class name="MyEcommerce.Ecommerce.tests.ErrorValidationTest">
        <test-method is-config="true" signature="startApplication()[pri:0, instance:MyEcommerce.Ecommerce.tests.ErrorValidationTest@515c6049]" started-at="2024-09-26T18:24:33 IST" name="startApplication" finished-at="2024-09-26T18:24:38 IST" duration-ms="4953" status="PASS">
          <reporter-output>
          </reporter-output>
        </test-method> <!-- startApplication -->
        <test-method signature="loginErrorValidation()[pri:0, instance:MyEcommerce.Ecommerce.tests.ErrorValidationTest@515c6049]" started-at="2024-09-26T18:24:38 IST" name="loginErrorValidation" finished-at="2024-09-26T18:24:39 IST" duration-ms="603" status="PASS">
          <reporter-output>
          </reporter-output>
        </test-method> <!-- loginErrorValidation -->
      </class> <!-- MyEcommerce.Ecommerce.tests.ErrorValidationTest -->
    </test> <!-- ErrorValidationTest -->
  </suite> <!-- Suite -->
</testng-results>
